<?xml version="1.0" encoding="UTF-8"?>
<testsuite name="com.ata.stepzero.GitVerificationStepZeroTest" tests="1" skipped="0" failures="0" errors="0" timestamp="2022-11-01T22:03:08" hostname="ip-172-31-31-94" time="0.005">
  <properties/>
  <testcase name="stepZeroFile_getFile_fileExists()" classname="com.ata.stepzero.GitVerificationStepZeroTest" time="0.005"/>
  <system-out><![CDATA[]]></system-out>
  <system-err><![CDATA[]]></system-err>
</testsuite>
