<?xml version="1.0" encoding="UTF-8"?>
<testsuite name="com.ata.stepsix.ShopRunnerStepSixIntegrationTest" tests="5" skipped="0" failures="0" errors="0" timestamp="2022-11-01T22:03:08" hostname="ip-172-31-31-94" time="0.017">
  <properties/>
  <testcase name="main_selectFindProductSelectFindProductSelectExit_menuRepromptsAndExits()" classname="com.ata.stepsix.ShopRunnerStepSixIntegrationTest" time="0.008"/>
  <testcase name="main_selectListProductsSelectFindProductSelectExit_menuRepromptsAndExits()" classname="com.ata.stepsix.ShopRunnerStepSixIntegrationTest" time="0.002"/>
  <testcase name="main_selectFindProductSelectFindProductInvalidProductSelectExit_menuRepromptsAndExits()" classname="com.ata.stepsix.ShopRunnerStepSixIntegrationTest" time="0.002"/>
  <testcase name="main_selectFindProductSelectListProductSelectExit_menuRepromptsAndExits()" classname="com.ata.stepsix.ShopRunnerStepSixIntegrationTest" time="0.002"/>
  <testcase name="main_selectListProductsSelectListProductsSelectExit_menuRepromptsAndExits()" classname="com.ata.stepsix.ShopRunnerStepSixIntegrationTest" time="0.002"/>
  <system-out><![CDATA[]]></system-out>
  <system-err><![CDATA[]]></system-err>
</testsuite>
